
In SqsConnector.php line 26:
                                       
  Class 'Aws\Sqs\SqsClient' not found  
                                       


In SqsConnector.php line 26:
                                       
  Class 'Aws\Sqs\SqsClient' not found  
                                       


In SqsConnector.php line 26:
                                       
  Class 'Aws\Sqs\SqsClient' not found  
                                       


In SqsConnector.php line 26:
                                       
  Class 'Aws\Sqs\SqsClient' not found  
                                       


In SqsConnector.php line 26:
                                       
  Class 'Aws\Sqs\SqsClient' not found  
                                       


In SqsConnector.php line 26:
                                       
  Class 'Aws\Sqs\SqsClient' not found  
                                       


In SqsConnector.php line 26:
                                       
  Class 'Aws\Sqs\SqsClient' not found  
                                       


In SqsConnector.php line 26:
                                       
  Class 'Aws\Sqs\SqsClient' not found  
                                       


In SqsConnector.php line 26:
                                       
  Class 'Aws\Sqs\SqsClient' not found  
                                       


In SqsConnector.php line 26:
                                       
  Class 'Aws\Sqs\SqsClient' not found  
                                       


In SqsConnector.php line 26:
                                       
  Class 'Aws\Sqs\SqsClient' not found  
                                       


In SqsConnector.php line 26:
                                       
  Class 'Aws\Sqs\SqsClient' not found  
                                       


In SqsConnector.php line 26:
                                       
  Class 'Aws\Sqs\SqsClient' not found  
                                       


In SqsConnector.php line 26:
                                       
  Class 'Aws\Sqs\SqsClient' not found  
                                       


In SqsConnector.php line 26:
                                       
  Class 'Aws\Sqs\SqsClient' not found  
                                       


In SqsConnector.php line 26:
                                       
  Class 'Aws\Sqs\SqsClient' not found  
                                       


In SqsConnector.php line 26:
                                       
  Class 'Aws\Sqs\SqsClient' not found  
                                       


In SqsConnector.php line 26:
                                       
  Class 'Aws\Sqs\SqsClient' not found  
                                       


In SqsConnector.php line 26:
                                       
  Class 'Aws\Sqs\SqsClient' not found  
                                       


In SqsConnector.php line 26:
                                       
  Class 'Aws\Sqs\SqsClient' not found  
                                       


In SqsConnector.php line 26:
                                       
  Class 'Aws\Sqs\SqsClient' not found  
                                       


In SqsConnector.php line 26:
                                       
  Class 'Aws\Sqs\SqsClient' not found  
                                       


In SqsConnector.php line 26:
                                       
  Class 'Aws\Sqs\SqsClient' not found  
                                       


In SqsConnector.php line 26:
                                       
  Class 'Aws\Sqs\SqsClient' not found  
                                       


In SqsConnector.php line 26:
                                       
  Class 'Aws\Sqs\SqsClient' not found  
                                       


In SqsConnector.php line 26:
                                       
  Class 'Aws\Sqs\SqsClient' not found  
                                       


In SqsConnector.php line 26:
                                       
  Class 'Aws\Sqs\SqsClient' not found  
                                       


In SqsConnector.php line 26:
                                       
  Class 'Aws\Sqs\SqsClient' not found  
                                       


In SqsConnector.php line 26:
                                       
  Class 'Aws\Sqs\SqsClient' not found  
                                       


In SqsConnector.php line 26:
                                       
  Class 'Aws\Sqs\SqsClient' not found  
                                       


In SqsConnector.php line 26:
                                       
  Class 'Aws\Sqs\SqsClient' not found  
                                       


In SqsConnector.php line 26:
                                       
  Class 'Aws\Sqs\SqsClient' not found  
                                       


In SqsConnector.php line 26:
                                       
  Class 'Aws\Sqs\SqsClient' not found  
                                       


In SqsConnector.php line 26:
                                       
  Class 'Aws\Sqs\SqsClient' not found  
                                       


In SqsConnector.php line 26:
                                       
  Class 'Aws\Sqs\SqsClient' not found  
                                       


In SqsConnector.php line 26:
                                       
  Class 'Aws\Sqs\SqsClient' not found  
                                       


In SqsConnector.php line 26:
                                       
  Class 'Aws\Sqs\SqsClient' not found  
                                       


In SqsConnector.php line 26:
                                       
  Class 'Aws\Sqs\SqsClient' not found  
                                       


In SqsConnector.php line 26:
                                       
  Class 'Aws\Sqs\SqsClient' not found  
                                       


In SqsConnector.php line 26:
                                       
  Class 'Aws\Sqs\SqsClient' not found  
                                       


In SqsConnector.php line 26:
                                       
  Class 'Aws\Sqs\SqsClient' not found  
                                       


In SqsConnector.php line 26:
                                       
  Class 'Aws\Sqs\SqsClient' not found  
                                       


In SqsConnector.php line 26:
                                       
  Class 'Aws\Sqs\SqsClient' not found  
                                       


In SqsConnector.php line 26:
                                       
  Class 'Aws\Sqs\SqsClient' not found  
                                       


In SqsConnector.php line 26:
                                       
  Class 'Aws\Sqs\SqsClient' not found  
                                       


In SqsConnector.php line 26:
                                       
  Class 'Aws\Sqs\SqsClient' not found  
                                       


In SqsConnector.php line 26:
                                       
  Class 'Aws\Sqs\SqsClient' not found  
                                       


In SqsConnector.php line 26:
                                       
  Class 'Aws\Sqs\SqsClient' not found  
                                       


In SqsConnector.php line 26:
                                       
  Class 'Aws\Sqs\SqsClient' not found  
                                       


In SqsConnector.php line 26:
                                       
  Class 'Aws\Sqs\SqsClient' not found  
                                       


In SqsConnector.php line 26:
                                       
  Class 'Aws\Sqs\SqsClient' not found  
                                       


In SqsConnector.php line 26:
                                       
  Class 'Aws\Sqs\SqsClient' not found  
                                       


In SqsConnector.php line 26:
                                       
  Class 'Aws\Sqs\SqsClient' not found  
                                       


In SqsConnector.php line 26:
                                       
  Class 'Aws\Sqs\SqsClient' not found  
                                       


In SqsConnector.php line 26:
                                       
  Class 'Aws\Sqs\SqsClient' not found  
                                       


In SqsConnector.php line 26:
                                       
  Class 'Aws\Sqs\SqsClient' not found  
                                       


In SqsConnector.php line 26:
                                       
  Class 'Aws\Sqs\SqsClient' not found  
                                       


In SqsConnector.php line 26:
                                       
  Class 'Aws\Sqs\SqsClient' not found  
                                       


In SqsConnector.php line 26:
                                       
  Class 'Aws\Sqs\SqsClient' not found  
                                       


In SqsConnector.php line 26:
                                       
  Class 'Aws\Sqs\SqsClient' not found  
                                       


In SqsConnector.php line 26:
                                       
  Class 'Aws\Sqs\SqsClient' not found  
                                       


In SqsConnector.php line 26:
                                       
  Class 'Aws\Sqs\SqsClient' not found  
                                       


In SqsConnector.php line 26:
                                       
  Class 'Aws\Sqs\SqsClient' not found  
                                       


In SqsConnector.php line 26:
                                       
  Class 'Aws\Sqs\SqsClient' not found  
                                       


In SqsConnector.php line 26:
                                       
  Class 'Aws\Sqs\SqsClient' not found  
                                       

[2018-06-30 12:09:37] Processing: App\Jobs\SendEmail
[2018-06-30 12:09:37] Processing: App\Jobs\SendEmail
[2018-06-30 12:09:37] Processing: App\Jobs\SendEmail
[2018-06-30 12:09:37] Processing: App\Jobs\SendEmail
[2018-06-30 12:09:39] Processed:  App\Jobs\SendEmail
[2018-06-30 12:09:39] Processed:  App\Jobs\SendEmail
[2018-06-30 12:09:39] Processed:  App\Jobs\SendEmail
[2018-06-30 12:09:39] Processed:  App\Jobs\SendEmail
[2018-06-30 12:27:00] Processing: App\Jobs\SendEmail
[2018-06-30 12:27:02] Processed:  App\Jobs\SendEmail
[2018-06-30 13:50:44] Processing: App\Jobs\SendEmail
[2018-06-30 13:50:45] Processed:  App\Jobs\SendEmail
[2018-07-01 02:34:05] Processing: App\Mail\RegisterLink
[2018-07-01 02:34:07] Processed:  App\Mail\RegisterLink
[2018-07-01 02:40:49] Processing: App\Mail\RegisterLink
[2018-07-01 02:40:51] Processed:  App\Mail\RegisterLink
[2018-07-01 02:42:36] Processing: App\Mail\RegisterLink
[2018-07-01 02:42:38] Processed:  App\Mail\RegisterLink
[2018-07-01 02:44:59] Processing: App\Mail\RegisterLink
[2018-07-01 02:45:01] Processed:  App\Mail\RegisterLink
[2018-07-01 02:48:30] Processing: App\Mail\RegisterLink
[2018-07-01 02:48:32] Processed:  App\Mail\RegisterLink
[2018-07-01 03:03:28] Processing: App\Mail\RegisterLink
[2018-07-01 03:03:29] Processed:  App\Mail\RegisterLink
[2018-07-01 03:21:01] Processing: App\Mail\RegisterLink
[2018-07-01 03:21:03] Processed:  App\Mail\RegisterLink

In Client.php line 370:
                                   
  NOAUTH Authentication required.  
                                   


In Client.php line 370:
                                   
  NOAUTH Authentication required.  
                                   


In Client.php line 370:
                                   
  NOAUTH Authentication required.  
                                   


In Client.php line 370:
                                   
  NOAUTH Authentication required.  
                                   


In Client.php line 370:
                                   
  NOAUTH Authentication required.  
                                   


In Client.php line 370:
                                   
  NOAUTH Authentication required.  
                                   


In Client.php line 370:
                                   
  NOAUTH Authentication required.  
                                   


In Client.php line 370:
                                   
  NOAUTH Authentication required.  
                                   


In AbstractConnection.php line 155:
                                                                           
  `SELECT` failed: NOAUTH Authentication required. [tcp://127.0.0.1:6379]  
                                                                           


In AbstractConnection.php line 155:
                                                                           
  `SELECT` failed: NOAUTH Authentication required. [tcp://127.0.0.1:6379]  
                                                                           


In AbstractConnection.php line 155:
                                                                           
  `SELECT` failed: NOAUTH Authentication required. [tcp://127.0.0.1:6379]  
                                                                           


In AbstractConnection.php line 155:
                                                                           
  `SELECT` failed: NOAUTH Authentication required. [tcp://127.0.0.1:6379]  
                                                                           


In AbstractConnection.php line 155:
                                                                           
  `SELECT` failed: NOAUTH Authentication required. [tcp://127.0.0.1:6379]  
                                                                           


In AbstractConnection.php line 155:
                                                                           
  `SELECT` failed: NOAUTH Authentication required. [tcp://127.0.0.1:6379]  
                                                                           


In AbstractConnection.php line 155:
                                                                           
  `SELECT` failed: NOAUTH Authentication required. [tcp://127.0.0.1:6379]  
                                                                           


In AbstractConnection.php line 155:
                                                                           
  `SELECT` failed: NOAUTH Authentication required. [tcp://127.0.0.1:6379]  
                                                                           


In AbstractConnection.php line 155:
                                                                           
  `SELECT` failed: NOAUTH Authentication required. [tcp://127.0.0.1:6379]  
                                                                           


In AbstractConnection.php line 155:
                                                                           
  `SELECT` failed: NOAUTH Authentication required. [tcp://127.0.0.1:6379]  
                                                                           


In AbstractConnection.php line 155:
                                                                           
  `SELECT` failed: NOAUTH Authentication required. [tcp://127.0.0.1:6379]  
                                                                           


In AbstractConnection.php line 155:
                                                                           
  `SELECT` failed: NOAUTH Authentication required. [tcp://127.0.0.1:6379]  
                                                                           


In AbstractConnection.php line 155:
                                                                           
  `SELECT` failed: NOAUTH Authentication required. [tcp://127.0.0.1:6379]  
                                                                           


In AbstractConnection.php line 155:
                                                                           
  `SELECT` failed: NOAUTH Authentication required. [tcp://127.0.0.1:6379]  
                                                                           


In AbstractConnection.php line 155:
                                                                           
  `SELECT` failed: NOAUTH Authentication required. [tcp://127.0.0.1:6379]  
                                                                           


In AbstractConnection.php line 155:
                                                                           
  `SELECT` failed: NOAUTH Authentication required. [tcp://127.0.0.1:6379]  
                                                                           


In AbstractConnection.php line 155:
                                                                           
  `SELECT` failed: NOAUTH Authentication required. [tcp://127.0.0.1:6379]  
                                                                           


In AbstractConnection.php line 155:
                                                                           
  `SELECT` failed: NOAUTH Authentication required. [tcp://127.0.0.1:6379]  
                                                                           


In AbstractConnection.php line 155:
                                                                           
  `SELECT` failed: NOAUTH Authentication required. [tcp://127.0.0.1:6379]  
                                                                           


In AbstractConnection.php line 155:
                                                                           
  `SELECT` failed: NOAUTH Authentication required. [tcp://127.0.0.1:6379]  
                                                                           


In AbstractConnection.php line 155:
                                                                           
  `SELECT` failed: NOAUTH Authentication required. [tcp://127.0.0.1:6379]  
                                                                           


In AbstractConnection.php line 155:
                                                                           
  `SELECT` failed: NOAUTH Authentication required. [tcp://127.0.0.1:6379]  
                                                                           


In AbstractConnection.php line 155:
                                                                           
  `SELECT` failed: NOAUTH Authentication required. [tcp://127.0.0.1:6379]  
                                                                           


In AbstractConnection.php line 155:
                                                                           
  `SELECT` failed: NOAUTH Authentication required. [tcp://127.0.0.1:6379]  
                                                                           


In AbstractConnection.php line 155:
                                                                           
  `SELECT` failed: NOAUTH Authentication required. [tcp://127.0.0.1:6379]  
                                                                           


In AbstractConnection.php line 155:
                                                                           
  `SELECT` failed: NOAUTH Authentication required. [tcp://127.0.0.1:6379]  
                                                                           


In AbstractConnection.php line 155:
                                                                           
  `SELECT` failed: NOAUTH Authentication required. [tcp://127.0.0.1:6379]  
                                                                           


In AbstractConnection.php line 155:
                                                                           
  `SELECT` failed: NOAUTH Authentication required. [tcp://127.0.0.1:6379]  
                                                                           


In AbstractConnection.php line 155:
                                                                           
  `SELECT` failed: NOAUTH Authentication required. [tcp://127.0.0.1:6379]  
                                                                           


In AbstractConnection.php line 155:
                                                                           
  `SELECT` failed: NOAUTH Authentication required. [tcp://127.0.0.1:6379]  
                                                                           


In AbstractConnection.php line 155:
                                                                           
  `SELECT` failed: NOAUTH Authentication required. [tcp://127.0.0.1:6379]  
                                                                           


In AbstractConnection.php line 155:
                                                                           
  `SELECT` failed: NOAUTH Authentication required. [tcp://127.0.0.1:6379]  
                                                                           

